[0m[[0m[0mdebug[0m] [0m[0m> Exec(test, Some(907ec2cc-31aa-4068-b06d-b1a96f4835d2), Some(CommandSource(console0)))[0m
[0m[[0m[0mdebug[0m] [0m[0mEvaluating tasks: testsTarget2_12 / Test / test, rules2_13 / Test / test, testsTarget3 / Test / test, input3 / Test / test, testsTarget2_13 / Test / test, output2_13 / Test / test, input2_13 / Test / test, input2_12 / Test / test, output3 / Test / test, output2_12 / Test / test, rules2_12 / Test / test, Test / test[0m
[0m[[0m[0mdebug[0m] [0m[0mRunning task... Cancel: Signal, check cycles: false, forcegc: true[0m
[0m[[0m[0minfo[0m] [0m[0mcompiling 1 Scala source to /home/ubuntu/repos/generate_readme/rules/target/jvm-2.13/classes ...[0m
[0m[[0m[0minfo[0m] [0m[0mcompiling 1 Scala source to /home/ubuntu/repos/generate_readme/rules/target/jvm-2.12/classes ...[0m
[0m[[0m[0minfo[0m] [0m[0m[32mRuleSuite:[0m[0m
[0m[[0m[0minfo[0m] [0m[0m[32m- fix/Scalafixmyrules.scala[0m[0m
[0m[[0m[0minfo[0m] [0m[0m[32m- fix/SimpleGraph.scala[0m[0m
[0m[[0m[0minfo[0m] [0m[0m[32m- fix/ScalafixmyrulesSignificantIndentation.scala[0m[0m
[0m[[0m[0minfo[0m] [0m[0m[36mRun completed in 1 second, 631 milliseconds.[0m[0m
[0m[[0m[0minfo[0m] [0m[0m[36mTotal number of tests run: 3[0m[0m
[0m[[0m[0minfo[0m] [0m[0m[36mSuites: completed 1, aborted 0[0m[0m
[0m[[0m[0minfo[0m] [0m[0m[36mTests: succeeded 3, failed 0, canceled 0, ignored 0, pending 0[0m[0m
[0m[[0m[0minfo[0m] [0m[0m[32mAll tests passed.[0m[0m
[0m[[0m[0minfo[0m] [0m[0m[32mRuleSuite:[0m[0m
[0m[[0m[0minfo[0m] [0m[0m[32m- fix/Scalafixmyrules.scala[0m[0m
[0m[[0m[0minfo[0m] [0m[0m[32m- fix/SimpleGraph.scala[0m[0m
[0m[[0m[0minfo[0m] [0m[0m[36mRun completed in 2 seconds, 54 milliseconds.[0m[0m
[0m[[0m[0minfo[0m] [0m[0m[36mTotal number of tests run: 2[0m[0m
[0m[[0m[0minfo[0m] [0m[0m[36mSuites: completed 1, aborted 0[0m[0m
[0m[[0m[0minfo[0m] [0m[0m[36mTests: succeeded 2, failed 0, canceled 0, ignored 0, pending 0[0m[0m
[0m[[0m[0minfo[0m] [0m[0m[32mAll tests passed.[0m[0m
[0m[[0m[0minfo[0m] [0m[0m[32mRuleSuite:[0m[0m
[0m[[0m[0minfo[0m] [0m[0m[32m- fix/Scalafixmyrules.scala[0m[0m
[0m[[0m[0minfo[0m] [0m[0m[32m- fix/SimpleGraph.scala[0m[0m
[0m[[0m[0minfo[0m] [0m[0m[36mRun completed in 2 seconds, 98 milliseconds.[0m[0m
[0m[[0m[0minfo[0m] [0m[0m[36mTotal number of tests run: 2[0m[0m
[0m[[0m[0minfo[0m] [0m[0m[36mSuites: completed 1, aborted 0[0m[0m
[0m[[0m[0minfo[0m] [0m[0m[36mTests: succeeded 2, failed 0, canceled 0, ignored 0, pending 0[0m[0m
[0m[[0m[0minfo[0m] [0m[0m[32mAll tests passed.[0m[0m
[0m[[0m[32msuccess[0m] [0m[0mTotal time: 4 s, completed Oct 9, 2022, 9:10:44 PM[0m
[0m[[0m[0mdebug[0m] [0m[0m> Exec(shell, None, None)[0m
